<?xml version="1.0" encoding="UTF-8"?>
<!-- Generated by org.testng.reporters.JUnitXMLReporter -->
<testsuite hostname="LAPTOP-V1GOJHKS" ignored="0" name="Default test" tests="3" failures="0" timestamp="14 Dec 2021 13:36:31 GMT" time="38.173" errors="0">
  <testcase name="Test1" time="0.903" classname="org.test.dataproviderTestNG.FaceBOOK"/>
  <testcase name="test2" time="0.0" classname="org.test.dataproviderTestNG.FaceBOOK"/>
  <testcase name="test3" time="0.007" classname="org.test.dataproviderTestNG.FaceBOOK"/>
</testsuite> <!-- Default test -->
