<?xml version="1.0" encoding="UTF-8"?>
<!-- Generated by org.testng.reporters.JUnitXMLReporter -->
<testsuite hostname="LAPTOP-V1GOJHKS" ignored="4" name="Test" tests="15" failures="0" timestamp="12 Dec 2021 15:59:16 GMT" time="0.105" errors="0">
  <testcase name="TestA1" time="0.01" classname="org.test.reunTestNG.TestA"/>
  <testcase name="TestA3" time="0.002" classname="org.test.reunTestNG.TestA"/>
  <testcase name="TestA4" time="0.002" classname="org.test.reunTestNG.TestA"/>
  <testcase name="TestA6" time="0.0" classname="org.test.reunTestNG.TestA"/>
  <testcase name="TestA7" time="0.005" classname="org.test.reunTestNG.TestA"/>
  <testcase name="TestA8" time="0.003" classname="org.test.reunTestNG.TestA"/>
  <testcase name="TestA9" time="0.0" classname="org.test.reunTestNG.TestA"/>
  <testcase name="TestA3" time="0.001" classname="org.test.reunTestNG.TestB"/>
  <testcase name="TestA4" time="0.002" classname="org.test.reunTestNG.TestB"/>
  <testcase name="TestA6" time="0.001" classname="org.test.reunTestNG.TestB"/>
  <testcase name="TestA7" time="0.0" classname="org.test.reunTestNG.TestB"/>
  <testcase name="TestA8" time="0.0" classname="org.test.reunTestNG.TestB"/>
  <testcase name="TestB1" time="0.001" classname="org.test.reunTestNG.TestB"/>
  <testcase name="TestB2" time="0.005" classname="org.test.reunTestNG.TestB"/>
  <testcase name="TestB3" time="0.0" classname="org.test.reunTestNG.TestB"/>
  <testcase name="TestA5" time="0.0" classname="org.test.reunTestNG.TestB">
    <ignored/>
  </testcase> <!-- TestA5 -->
  <testcase name="TestA5" time="0.0" classname="org.test.reunTestNG.TestA">
    <ignored/>
  </testcase> <!-- TestA5 -->
  <testcase name="TestA2" time="0.0" classname="org.test.reunTestNG.TestA">
    <ignored/>
  </testcase> <!-- TestA2 -->
  <testcase name="TestA2" time="0.0" classname="org.test.reunTestNG.TestB">
    <ignored/>
  </testcase> <!-- TestA2 -->
</testsuite> <!-- Test -->
