<?xml version="1.0" encoding="UTF-8"?>
<testng-results skipped="0" failed="0" ignored="0" total="3" passed="3">
  <reporter-output>
  </reporter-output>
  <suite name="Default suite" duration-ms="38173" started-at="2021-12-14T13:35:53Z" finished-at="2021-12-14T13:36:31Z">
    <groups>
    </groups>
    <test name="Default test" duration-ms="38173" started-at="2021-12-14T13:35:53Z" finished-at="2021-12-14T13:36:31Z">
      <class name="org.test.dataproviderTestNG.FaceBOOK">
        <test-method status="PASS" signature="beforeclass()[pri:0, instance:org.test.dataproviderTestNG.FaceBOOK@4b4523f8]" name="beforeclass" is-config="true" duration-ms="12" started-at="2021-12-14T13:35:53Z" finished-at="2021-12-14T13:35:53Z">
          <reporter-output>
          </reporter-output>
        </test-method> <!-- beforeclass -->
        <test-method status="PASS" signature="beforemethod()[pri:0, instance:org.test.dataproviderTestNG.FaceBOOK@4b4523f8]" name="beforemethod" is-config="true" duration-ms="16695" started-at="2021-12-14T13:35:53Z" finished-at="2021-12-14T13:36:09Z">
          <reporter-output>
          </reporter-output>
        </test-method> <!-- beforemethod -->
        <test-method status="PASS" signature="Test1()[pri:0, instance:org.test.dataproviderTestNG.FaceBOOK@4b4523f8]" name="Test1" duration-ms="903" started-at="2021-12-14T13:36:09Z" finished-at="2021-12-14T13:36:10Z">
          <reporter-output>
          </reporter-output>
        </test-method> <!-- Test1 -->
        <test-method status="PASS" signature="AfterMethod()[pri:0, instance:org.test.dataproviderTestNG.FaceBOOK@4b4523f8]" name="AfterMethod" is-config="true" duration-ms="865" started-at="2021-12-14T13:36:10Z" finished-at="2021-12-14T13:36:11Z">
          <reporter-output>
          </reporter-output>
        </test-method> <!-- AfterMethod -->
        <test-method status="PASS" signature="beforemethod()[pri:0, instance:org.test.dataproviderTestNG.FaceBOOK@4b4523f8]" name="beforemethod" is-config="true" duration-ms="8666" started-at="2021-12-14T13:36:11Z" finished-at="2021-12-14T13:36:20Z">
          <reporter-output>
          </reporter-output>
        </test-method> <!-- beforemethod -->
        <test-method status="PASS" signature="test2()[pri:0, instance:org.test.dataproviderTestNG.FaceBOOK@4b4523f8]" name="test2" duration-ms="0" started-at="2021-12-14T13:36:20Z" finished-at="2021-12-14T13:36:20Z">
          <reporter-output>
          </reporter-output>
        </test-method> <!-- test2 -->
        <test-method status="PASS" signature="AfterMethod()[pri:0, instance:org.test.dataproviderTestNG.FaceBOOK@4b4523f8]" name="AfterMethod" is-config="true" duration-ms="776" started-at="2021-12-14T13:36:20Z" finished-at="2021-12-14T13:36:21Z">
          <reporter-output>
          </reporter-output>
        </test-method> <!-- AfterMethod -->
        <test-method status="PASS" signature="beforemethod()[pri:0, instance:org.test.dataproviderTestNG.FaceBOOK@4b4523f8]" name="beforemethod" is-config="true" duration-ms="9418" started-at="2021-12-14T13:36:21Z" finished-at="2021-12-14T13:36:30Z">
          <reporter-output>
          </reporter-output>
        </test-method> <!-- beforemethod -->
        <test-method status="PASS" signature="test3()[pri:0, instance:org.test.dataproviderTestNG.FaceBOOK@4b4523f8]" name="test3" duration-ms="7" started-at="2021-12-14T13:36:30Z" finished-at="2021-12-14T13:36:30Z">
          <reporter-output>
          </reporter-output>
        </test-method> <!-- test3 -->
        <test-method status="PASS" signature="AfterMethod()[pri:0, instance:org.test.dataproviderTestNG.FaceBOOK@4b4523f8]" name="AfterMethod" is-config="true" duration-ms="794" started-at="2021-12-14T13:36:30Z" finished-at="2021-12-14T13:36:31Z">
          <reporter-output>
          </reporter-output>
        </test-method> <!-- AfterMethod -->
        <test-method status="PASS" signature="Afterclass()[pri:0, instance:org.test.dataproviderTestNG.FaceBOOK@4b4523f8]" name="Afterclass" is-config="true" duration-ms="0" started-at="2021-12-14T13:36:31Z" finished-at="2021-12-14T13:36:31Z">
          <reporter-output>
          </reporter-output>
        </test-method> <!-- Afterclass -->
      </class> <!-- org.test.dataproviderTestNG.FaceBOOK -->
    </test> <!-- Default test -->
  </suite> <!-- Default suite -->
</testng-results>
